<?xml version="1.0" encoding="UTF-8"?>
<!-- Generated by org.testng.reporters.JUnitReportReporter -->
<testsuite hostname="DESKTOP-E6IT92A" failures="0" tests="1" name="samplejenkin.SampleClass" time="0.020" errors="0" timestamp="2022-09-30T15:27:18 IST" skipped="0">
  <testcase classname="samplejenkin.SampleClass" name="create" time="0.020"/>
  <system-out/>
</testsuite> <!-- samplejenkin.SampleClass -->
